<?xml version="1.0" encoding="utf-8"?><testsuites name="pytest tests"><testsuite name="pytest" errors="0" failures="0" skipped="0" tests="21" time="2.701" timestamp="2026-04-22T06:46:50.696238+00:00" hostname="agent-env-615ebeb2-9839-4bbf-ad7c-4ccbc16d1873"><testcase classname="backend.tests.backend_test.TestAuth" name="test_register_returns_token_and_user" time="0.367" /><testcase classname="backend.tests.backend_test.TestAuth" name="test_register_duplicate_email_rejected" time="0.111" /><testcase classname="backend.tests.backend_test.TestAuth" name="test_login_success" time="0.328" /><testcase classname="backend.tests.backend_test.TestAuth" name="test_login_invalid_password" time="0.330" /><testcase classname="backend.tests.backend_test.TestAuth" name="test_me_requires_auth" time="0.100" /><testcase classname="backend.tests.backend_test.TestAuth" name="test_me_with_token" time="0.051" /><testcase classname="backend.tests.backend_test.TestSubscriptions" name="test_create_netflix_autocategorizes_ott" time="0.049" /><testcase classname="backend.tests.backend_test.TestSubscriptions" name="test_create_aws_autocategorizes_cloud" time="0.047" /><testcase classname="backend.tests.backend_test.TestSubscriptions" name="test_create_figma_autocategorizes_saas" time="0.049" /><testcase classname="backend.tests.backend_test.TestSubscriptions" name="test_list_subscriptions" time="0.049" /><testcase classname="backend.tests.backend_test.TestSubscriptions" name="test_update_subscription_persists" time="0.100" /><testcase classname="backend.tests.backend_test.TestSubscriptions" name="test_mark_used_increments_counter" time="0.097" /><testcase classname="backend.tests.backend_test.TestSubscriptions" name="test_user_scoped_list" time="0.449" /><testcase classname="backend.tests.backend_test.TestAnalytics" name="test_summary_structure" time="0.053" /><testcase classname="backend.tests.backend_test.TestAnalytics" name="test_forecast_six_months" time="0.047" /><testcase classname="backend.tests.backend_test.TestRecommendations" name="test_recommendations_trigger_reminder_and_downgrade" time="0.048" /><testcase classname="backend.tests.backend_test.TestBudget" name="test_set_and_get_budget" time="0.094" /><testcase classname="backend.tests.backend_test.TestBudget" name="test_over_budget_flag_in_summary" time="0.047" /><testcase classname="backend.tests.backend_test.TestNotifications" name="test_list_notifications" time="0.050" /><testcase classname="backend.tests.backend_test.TestNotifications" name="test_read_all_notifications" time="0.051" /><testcase classname="backend.tests.backend_test.TestZDelete" name="test_delete_subscription" time="0.096" /></testsuite></testsuites>